\BOOKMARK [0][-]{chapter.1}{Einleitung}{}% 1
\BOOKMARK [1][-]{section.1.1}{Ausgangslage}{chapter.1}% 2
\BOOKMARK [1][-]{section.1.2}{Ziele}{chapter.1}% 3
\BOOKMARK [1][-]{section.1.3}{\334bersicht}{chapter.1}% 4
\BOOKMARK [1][-]{section.1.4}{Basic Terminology}{chapter.1}% 5
\BOOKMARK [1][-]{section.1.5}{Related Work and Projects}{chapter.1}% 6
\BOOKMARK [1][-]{section.1.6}{Structure of the Thesis}{chapter.1}% 7
\BOOKMARK [0][-]{chapter.2}{Used Technologies}{}% 8
\BOOKMARK [1][-]{section.2.1}{Cinema 4D}{chapter.2}% 9
\BOOKMARK [0][-]{chapter.3}{Visualisierung}{}% 10
\BOOKMARK [1][-]{section.3.1}{Kapitel1}{chapter.3}% 11
\BOOKMARK [1][-]{section.3.2}{Kapitel2}{chapter.3}% 12
\BOOKMARK [1][-]{section.3.3}{Kapitel3}{chapter.3}% 13
\BOOKMARK [1][-]{section.3.4}{Kapitel4}{chapter.3}% 14
\BOOKMARK [0][-]{chapter.4}{Die Arbeitsumgebung}{}% 15
\BOOKMARK [1][-]{section.4.1}{AWS}{chapter.4}% 16
\BOOKMARK [1][-]{section.4.2}{Linux}{chapter.4}% 17
\BOOKMARK [1][-]{section.4.3}{Portainer}{chapter.4}% 18
\BOOKMARK [1][-]{section.4.4}{IntelliJ}{chapter.4}% 19
\BOOKMARK [1][-]{section.4.5}{Vim}{chapter.4}% 20
\BOOKMARK [1][-]{section.4.6}{Docker}{chapter.4}% 21
\BOOKMARK [0][-]{chapter.5}{Technologien}{}% 22
\BOOKMARK [1][-]{section.5.1}{Kapitel1}{chapter.5}% 23
\BOOKMARK [1][-]{section.5.2}{Kapitel2}{chapter.5}% 24
\BOOKMARK [1][-]{section.5.3}{Kapitel3}{chapter.5}% 25
\BOOKMARK [1][-]{section.5.4}{Kapitel4}{chapter.5}% 26
\BOOKMARK [0][-]{chapter.6}{Was sind Visualisierungs Applikationen}{}% 27
\BOOKMARK [1][-]{section.6.1}{Kapitel1}{chapter.6}% 28
\BOOKMARK [1][-]{section.6.2}{Kapitel2}{chapter.6}% 29
\BOOKMARK [1][-]{section.6.3}{Kapitel3}{chapter.6}% 30
\BOOKMARK [1][-]{section.6.4}{Kapitel4}{chapter.6}% 31
\BOOKMARK [0][-]{chapter.7}{Der Unterschied zwischen Javascript und Zero Code}{}% 32
\BOOKMARK [1][-]{section.7.1}{Kapitel1}{chapter.7}% 33
\BOOKMARK [1][-]{section.7.2}{Kapitel2}{chapter.7}% 34
\BOOKMARK [1][-]{section.7.3}{Kapitel3}{chapter.7}% 35
\BOOKMARK [1][-]{section.7.4}{Kapitel4}{chapter.7}% 36
\BOOKMARK [0][-]{chapter.8}{Vergleich der Visualisierungs Applikationen}{}% 37
\BOOKMARK [1][-]{section.8.1}{Kapitel1}{chapter.8}% 38
\BOOKMARK [1][-]{section.8.2}{Kapitel2}{chapter.8}% 39
\BOOKMARK [1][-]{section.8.3}{Kapitel3}{chapter.8}% 40
\BOOKMARK [1][-]{section.8.4}{Kapitel4}{chapter.8}% 41
\BOOKMARK [0][-]{chapter.9}{Probleme beim Visualisierungsprozess}{}% 42
\BOOKMARK [1][-]{section.9.1}{Kapitel1}{chapter.9}% 43
\BOOKMARK [1][-]{section.9.2}{Kapitel2}{chapter.9}% 44
\BOOKMARK [1][-]{section.9.3}{Kapitel3}{chapter.9}% 45
\BOOKMARK [1][-]{section.9.4}{Kapitel4}{chapter.9}% 46
\BOOKMARK [0][-]{chapter.10}{Summary}{}% 47
\BOOKMARK [0][-]{appendix.A}{Additional Information}{}% 48
\BOOKMARK [0][-]{appendix.B}{Individual Goals}{}% 49
